#
# There is insufficient memory for the Java Runtime Environment to continue.
# Native memory allocation (mmap) failed to map 85983232 bytes for G1 virtual space
# Possible reasons:
#   The system is out of physical RAM or swap space
#   The process is running with CompressedOops enabled, and the Java Heap may be blocking the growth of the native heap
# Possible solutions:
#   Reduce memory load on the system
#   Increase physical memory or swap space
#   Check if swap backing store is full
#   Decrease Java heap size (-Xmx/-Xms)
#   Decrease number of Java threads
#   Decrease Java thread stack sizes (-Xss)
#   Set larger code cache with -XX:ReservedCodeCacheSize=
#   JVM is running with Unscaled Compressed Oops mode in which the Java heap is
#     placed in the first 4GB address space. The Java Heap base address is the
#     maximum limit for the native heap growth. Please use -XX:HeapBaseMinAddress
#     to set the Java Heap base and to place the Java Heap above 4GB virtual address.
# This output file may be truncated or incomplete.
#
#  Out of Memory Error (os_windows.cpp:3825), pid=1356, tid=8500
#
# JRE version: OpenJDK Runtime Environment (17.0.10) (build 17.0.10+0--11609105)
# Java VM: OpenJDK 64-Bit Server VM (17.0.10+0--11609105, mixed mode, tiered, compressed oops, compressed class ptrs, g1 gc, windows-amd64)
# No core dump will be written. Minidumps are not enabled by default on client versions of Windows
#

---------------  S U M M A R Y ------------

Command Line: org.jetbrains.kotlin.cli.jvm.K2JVMCompiler @D:\SumaMexico\Testing\android\demo_autocapture\app\build\20240708_18350986779614324747.compiler.options

Host: Intel(R) Core(TM) i5-7200U CPU @ 2.50GHz, 4 cores, 7G,  Windows 10 , 64 bit Build 19041 (10.0.19041.4597)
Time: Mon Jul  8 23:41:07 2024 Hora est. Pacífico, Sudamérica elapsed time: 10.857958 seconds (0d 0h 0m 10s)

---------------  T H R E A D  ---------------

Current thread (0x0000025d66d95a40):  VMThread "VM Thread" [stack: 0x000000ef78c00000,0x000000ef78d00000] [id=8500]

Stack: [0x000000ef78c00000,0x000000ef78d00000]
Native frames: (J=compiled Java code, j=interpreted, Vv=VM code, C=native code)
V  [jvm.dll+0x688de9]
V  [jvm.dll+0x8423da]
V  [jvm.dll+0x84401e]
V  [jvm.dll+0x844683]
V  [jvm.dll+0x24be0f]
V  [jvm.dll+0x685bb9]
V  [jvm.dll+0x67a46a]
V  [jvm.dll+0x30cbab]
V  [jvm.dll+0x314056]
V  [jvm.dll+0x363dce]
V  [jvm.dll+0x363fff]
V  [jvm.dll+0x2e2978]
V  [jvm.dll+0x2e0b54]
V  [jvm.dll+0x2e015c]
V  [jvm.dll+0x32502b]
V  [jvm.dll+0x848d7b]
V  [jvm.dll+0x849ac1]
V  [jvm.dll+0x849fdd]
V  [jvm.dll+0x84a3b4]
V  [jvm.dll+0x84a480]
V  [jvm.dll+0x7f0c7a]
V  [jvm.dll+0x687c65]
C  [ucrtbase.dll+0x21bb2]
C  [KERNEL32.DLL+0x17374]
C  [ntdll.dll+0x4cc91]

VM_Operation (0x000000ef786fd920): G1CollectForAllocation, mode: safepoint, requested by thread 0x0000025d4d941e00


---------------  P R O C E S S  ---------------

Threads class SMR info:
_java_thread_list=0x0000025d6b173410, length=12, elements={
0x0000025d4d941e00, 0x0000025d6b013260, 0x0000025d66dddd90, 0x0000025d66e1de40,
0x0000025d66e1ea00, 0x0000025d6b025580, 0x0000025d6b0276f0, 0x0000025d6b028b80,
0x0000025d6b02ba50, 0x0000025d6b04c910, 0x0000025d6b1a03f0, 0x0000025d6b1a59b0
}

Java Threads: ( => current thread )
  0x0000025d4d941e00 JavaThread "main" [_thread_blocked, id=10740, stack(0x000000ef78600000,0x000000ef78700000)]
  0x0000025d6b013260 JavaThread "Reference Handler" daemon [_thread_blocked, id=5348, stack(0x000000ef78d00000,0x000000ef78e00000)]
  0x0000025d66dddd90 JavaThread "Finalizer" daemon [_thread_blocked, id=7616, stack(0x000000ef78e00000,0x000000ef78f00000)]
  0x0000025d66e1de40 JavaThread "Signal Dispatcher" daemon [_thread_blocked, id=11052, stack(0x000000ef78f00000,0x000000ef79000000)]
  0x0000025d66e1ea00 JavaThread "Attach Listener" daemon [_thread_blocked, id=1256, stack(0x000000ef79000000,0x000000ef79100000)]
  0x0000025d6b025580 JavaThread "Service Thread" daemon [_thread_blocked, id=8396, stack(0x000000ef79100000,0x000000ef79200000)]
  0x0000025d6b0276f0 JavaThread "Monitor Deflation Thread" daemon [_thread_blocked, id=7324, stack(0x000000ef79200000,0x000000ef79300000)]
  0x0000025d6b028b80 JavaThread "C2 CompilerThread0" daemon [_thread_blocked, id=1596, stack(0x000000ef79300000,0x000000ef79400000)]
  0x0000025d6b02ba50 JavaThread "C1 CompilerThread0" daemon [_thread_blocked, id=7160, stack(0x000000ef79400000,0x000000ef79500000)]
  0x0000025d6b04c910 JavaThread "Sweeper thread" daemon [_thread_blocked, id=9772, stack(0x000000ef79500000,0x000000ef79600000)]
  0x0000025d6b1a03f0 JavaThread "Notification Thread" daemon [_thread_blocked, id=11040, stack(0x000000ef79600000,0x000000ef79700000)]
  0x0000025d6b1a59b0 JavaThread "Common-Cleaner" daemon [_thread_blocked, id=10312, stack(0x000000ef79800000,0x000000ef79900000)]

Other Threads:
=>0x0000025d66d95a40 VMThread "VM Thread" [stack: 0x000000ef78c00000,0x000000ef78d00000] [id=8500]
  0x0000025d6b1a0ee0 WatcherThread [stack: 0x000000ef79700000,0x000000ef79800000] [id=9748]
  0x0000025d4d9995b0 GCTaskThread "GC Thread#0" [stack: 0x000000ef78700000,0x000000ef78800000] [id=3836]
  0x0000025d6b6d63f0 GCTaskThread "GC Thread#1" [stack: 0x000000ef79900000,0x000000ef79a00000] [id=3852]
  0x0000025d6b6d4860 GCTaskThread "GC Thread#2" [stack: 0x000000ef79a00000,0x000000ef79b00000] [id=2012]
  0x0000025d6b7181d0 GCTaskThread "GC Thread#3" [stack: 0x000000ef79b00000,0x000000ef79c00000] [id=9880]
  0x0000025d4d9aa100 ConcurrentGCThread "G1 Main Marker" [stack: 0x000000ef78800000,0x000000ef78900000] [id=7524]
  0x0000025d4d9ab2c0 ConcurrentGCThread "G1 Conc#0" [stack: 0x000000ef78900000,0x000000ef78a00000] [id=7996]
  0x0000025d4d9fe230 ConcurrentGCThread "G1 Refine#0" [stack: 0x000000ef78a00000,0x000000ef78b00000] [id=5572]
  0x0000025d6bfc89c0 ConcurrentGCThread "G1 Refine#1" [stack: 0x000000ef79c00000,0x000000ef79d00000] [id=936]
  0x0000025d6bfc8cb0 ConcurrentGCThread "G1 Refine#2" [stack: 0x000000ef79d00000,0x000000ef79e00000] [id=4144]
  0x0000025d6bb2a070 ConcurrentGCThread "G1 Refine#3" [stack: 0x000000ef79e00000,0x000000ef79f00000] [id=3772]
  0x0000025d4d9fec60 ConcurrentGCThread "G1 Service" [stack: 0x000000ef78b00000,0x000000ef78c00000] [id=2236]

Threads with active compile tasks:
C2 CompilerThread0    10883 7754       4       jdk.internal.loader.BuiltinClassLoader::defineClass (121 bytes)
C1 CompilerThread0    10883 7828       2       org.jetbrains.kotlin.ir.symbols.impl.IrBindableSymbolBase::<init> (167 bytes)

VM state: at safepoint (normal execution)

VM Mutex/Monitor currently owned by a thread:  ([mutex/lock_event])
[0x0000025d4d93c800] Threads_lock - owner thread: 0x0000025d66d95a40
[0x0000025d4d93c2f0] Heap_lock - owner thread: 0x0000025d4d941e00

Heap address: 0x0000000082000000, size: 2016 MB, Compressed Oops mode: 32-bit

CDS archive(s) not mapped
Compressed class space mapped at: 0x0000000100000000-0x0000000140000000, reserved size: 1073741824
Narrow klass base: 0x0000000000000000, Narrow klass shift: 3, Narrow klass range: 0x140000000

GC Precious Log:
 CPUs: 4 total, 4 available
 Memory: 8058M
 Large Page Support: Disabled
 NUMA Support: Disabled
 Compressed Oops: Enabled (32-bit)
 Heap Region Size: 1M
 Heap Min Capacity: 8M
 Heap Initial Capacity: 126M
 Heap Max Capacity: 2016M
 Pre-touch: Disabled
 Parallel Workers: 4
 Concurrent Workers: 1
 Concurrent Refinement Workers: 4
 Periodic GC: Disabled

Heap:
 garbage-first heap   total 129024K, used 51563K [0x0000000082000000, 0x0000000100000000)
  region size 1024K, 5 young (5120K), 5 survivors (5120K)
 Metaspace       used 62377K, committed 62592K, reserved 1114112K
  class space    used 7179K, committed 7296K, reserved 1048576K

Heap Regions: E=young(eden), S=young(survivor), O=old, HS=humongous(starts), HC=humongous(continues), CS=collection set, F=free, OA=open archive, CA=closed archive, TAMS=top-at-mark-start (previous, next)
|   0|0x0000000082000000, 0x0000000082100000, 0x0000000082100000|100%|HS|  |TAMS 0x0000000082100000, 0x0000000082000000| Complete 
|   1|0x0000000082100000, 0x0000000082200000, 0x0000000082200000|100%|HC|  |TAMS 0x0000000082200000, 0x0000000082100000| Complete 
|   2|0x0000000082200000, 0x0000000082300000, 0x0000000082300000|100%|HC|  |TAMS 0x0000000082300000, 0x0000000082200000| Complete 
|   3|0x0000000082300000, 0x0000000082400000, 0x0000000082400000|100%|HC|  |TAMS 0x0000000082400000, 0x0000000082300000| Complete 
|   4|0x0000000082400000, 0x0000000082500000, 0x0000000082500000|100%| O|  |TAMS 0x0000000082500000, 0x0000000082400000| Untracked 
|   5|0x0000000082500000, 0x0000000082600000, 0x0000000082600000|100%| O|  |TAMS 0x0000000082600000, 0x0000000082500000| Untracked 
|   6|0x0000000082600000, 0x0000000082700000, 0x0000000082700000|100%| O|  |TAMS 0x0000000082600000, 0x0000000082600000| Untracked 
|   7|0x0000000082700000, 0x0000000082800000, 0x0000000082800000|100%| O|  |TAMS 0x0000000082800000, 0x0000000082700000| Untracked 
|   8|0x0000000082800000, 0x0000000082900000, 0x0000000082900000|100%| O|  |TAMS 0x0000000082900000, 0x0000000082800000| Untracked 
|   9|0x0000000082900000, 0x0000000082a00000, 0x0000000082a00000|100%| O|  |TAMS 0x0000000082900000, 0x0000000082900000| Untracked 
|  10|0x0000000082a00000, 0x0000000082b00000, 0x0000000082b00000|100%| O|  |TAMS 0x0000000082b00000, 0x0000000082a00000| Untracked 
|  11|0x0000000082b00000, 0x0000000082c00000, 0x0000000082c00000|100%| O|  |TAMS 0x0000000082c00000, 0x0000000082b00000| Untracked 
|  12|0x0000000082c00000, 0x0000000082d00000, 0x0000000082d00000|100%| O|  |TAMS 0x0000000082d00000, 0x0000000082c00000| Untracked 
|  13|0x0000000082d00000, 0x0000000082e00000, 0x0000000082e00000|100%| O|  |TAMS 0x0000000082e00000, 0x0000000082d00000| Untracked 
|  14|0x0000000082e00000, 0x0000000082f00000, 0x0000000082f00000|100%| O|  |TAMS 0x0000000082f00000, 0x0000000082e00000| Untracked 
|  15|0x0000000082f00000, 0x0000000083000000, 0x0000000083000000|100%| O|  |TAMS 0x0000000083000000, 0x0000000082f00000| Untracked 
|  16|0x0000000083000000, 0x0000000083100000, 0x0000000083100000|100%| O|  |TAMS 0x0000000083100000, 0x0000000083000000| Untracked 
|  17|0x0000000083100000, 0x0000000083200000, 0x0000000083200000|100%| O|  |TAMS 0x0000000083200000, 0x0000000083100000| Untracked 
|  18|0x0000000083200000, 0x0000000083300000, 0x0000000083300000|100%| O|  |TAMS 0x0000000083300000, 0x0000000083200000| Untracked 
|  19|0x0000000083300000, 0x0000000083400000, 0x0000000083400000|100%| O|  |TAMS 0x0000000083400000, 0x0000000083300000| Untracked 
|  20|0x0000000083400000, 0x0000000083500000, 0x0000000083500000|100%| O|  |TAMS 0x0000000083500000, 0x0000000083400000| Untracked 
|  21|0x0000000083500000, 0x0000000083600000, 0x0000000083600000|100%| O|  |TAMS 0x0000000083600000, 0x0000000083500000| Untracked 
|  22|0x0000000083600000, 0x0000000083700000, 0x0000000083700000|100%|HS|  |TAMS 0x0000000083700000, 0x0000000083600000| Complete 
|  23|0x0000000083700000, 0x0000000083800000, 0x0000000083800000|100%|HC|  |TAMS 0x0000000083800000, 0x0000000083700000| Complete 
|  24|0x0000000083800000, 0x0000000083900000, 0x0000000083900000|100%| O|  |TAMS 0x0000000083866400, 0x0000000083800000| Untracked 
|  25|0x0000000083900000, 0x0000000083a00000, 0x0000000083a00000|100%| O|  |TAMS 0x0000000083900000, 0x0000000083900000| Untracked 
|  26|0x0000000083a00000, 0x0000000083b00000, 0x0000000083b00000|100%| O|  |TAMS 0x0000000083a00000, 0x0000000083a00000| Untracked 
|  27|0x0000000083b00000, 0x0000000083c00000, 0x0000000083c00000|100%| O|  |TAMS 0x0000000083b00000, 0x0000000083b00000| Untracked 
|  28|0x0000000083c00000, 0x0000000083d00000, 0x0000000083d00000|100%| O|  |TAMS 0x0000000083c00000, 0x0000000083c00000| Untracked 
|  29|0x0000000083d00000, 0x0000000083e00000, 0x0000000083e00000|100%| O|  |TAMS 0x0000000083d00000, 0x0000000083d00000| Untracked 
|  30|0x0000000083e00000, 0x0000000083f00000, 0x0000000083f00000|100%| O|  |TAMS 0x0000000083e00000, 0x0000000083e00000| Untracked 
|  31|0x0000000083f00000, 0x0000000084000000, 0x0000000084000000|100%| O|  |TAMS 0x0000000083f00000, 0x0000000083f00000| Untracked 
|  32|0x0000000084000000, 0x0000000084100000, 0x0000000084100000|100%| O|  |TAMS 0x0000000084000000, 0x0000000084000000| Untracked 
|  33|0x0000000084100000, 0x0000000084200000, 0x0000000084200000|100%| O|  |TAMS 0x0000000084100000, 0x0000000084100000| Untracked 
|  34|0x0000000084200000, 0x0000000084300000, 0x0000000084300000|100%| O|  |TAMS 0x0000000084200000, 0x0000000084200000| Untracked 
|  35|0x0000000084300000, 0x0000000084400000, 0x0000000084400000|100%| O|  |TAMS 0x0000000084300000, 0x0000000084300000| Untracked 
|  36|0x0000000084400000, 0x0000000084500000, 0x0000000084500000|100%| O|  |TAMS 0x0000000084400000, 0x0000000084400000| Untracked 
|  37|0x0000000084500000, 0x0000000084600000, 0x0000000084600000|100%| O|  |TAMS 0x0000000084500000, 0x0000000084500000| Untracked 
|  38|0x0000000084600000, 0x0000000084700000, 0x0000000084700000|100%| O|  |TAMS 0x0000000084600000, 0x0000000084600000| Untracked 
|  39|0x0000000084700000, 0x0000000084800000, 0x0000000084800000|100%| O|  |TAMS 0x0000000084700000, 0x0000000084700000| Untracked 
|  40|0x0000000084800000, 0x0000000084900000, 0x0000000084900000|100%| O|  |TAMS 0x0000000084800000, 0x0000000084800000| Untracked 
|  41|0x0000000084900000, 0x0000000084a00000, 0x0000000084a00000|100%| O|  |TAMS 0x0000000084900000, 0x0000000084900000| Untracked 
|  42|0x0000000084a00000, 0x0000000084b00000, 0x0000000084b00000|100%| O|  |TAMS 0x0000000084a00000, 0x0000000084a00000| Untracked 
|  43|0x0000000084b00000, 0x0000000084c00000, 0x0000000084c00000|100%| O|  |TAMS 0x0000000084b00000, 0x0000000084b00000| Untracked 
|  44|0x0000000084c00000, 0x0000000084d00000, 0x0000000084d00000|100%| O|  |TAMS 0x0000000084c00000, 0x0000000084c00000| Untracked 
|  45|0x0000000084d00000, 0x0000000084e00000, 0x0000000084e00000|100%| O|  |TAMS 0x0000000084d00000, 0x0000000084d00000| Untracked 
|  46|0x0000000084e00000, 0x0000000084e00000, 0x0000000084f00000|  0%| F|  |TAMS 0x0000000084e00000, 0x0000000084e00000| Untracked 
|  47|0x0000000084f00000, 0x0000000084f00000, 0x0000000085000000|  0%| F|  |TAMS 0x0000000084f00000, 0x0000000084f00000| Untracked 
|  48|0x0000000085000000, 0x0000000085000000, 0x0000000085100000|  0%| F|  |TAMS 0x0000000085000000, 0x0000000085000000| Untracked 
|  49|0x0000000085100000, 0x0000000085100000, 0x0000000085200000|  0%| F|  |TAMS 0x0000000085100000, 0x0000000085100000| Untracked 
|  50|0x0000000085200000, 0x0000000085200000, 0x0000000085300000|  0%| F|  |TAMS 0x0000000085200000, 0x0000000085200000| Untracked 
|  51|0x0000000085300000, 0x0000000085300000, 0x0000000085400000|  0%| F|  |TAMS 0x0000000085300000, 0x0000000085300000| Untracked 
|  52|0x0000000085400000, 0x0000000085400000, 0x0000000085500000|  0%| F|  |TAMS 0x0000000085400000, 0x0000000085400000| Untracked 
|  53|0x0000000085500000, 0x0000000085500000, 0x0000000085600000|  0%| F|  |TAMS 0x0000000085500000, 0x0000000085500000| Untracked 
|  54|0x0000000085600000, 0x0000000085600000, 0x0000000085700000|  0%| F|  |TAMS 0x0000000085600000, 0x0000000085600000| Untracked 
|  55|0x0000000085700000, 0x0000000085700000, 0x0000000085800000|  0%| F|  |TAMS 0x0000000085700000, 0x0000000085700000| Untracked 
|  56|0x0000000085800000, 0x0000000085800000, 0x0000000085900000|  0%| F|  |TAMS 0x0000000085800000, 0x0000000085800000| Untracked 
|  57|0x0000000085900000, 0x0000000085900000, 0x0000000085a00000|  0%| F|  |TAMS 0x0000000085900000, 0x0000000085900000| Untracked 
|  58|0x0000000085a00000, 0x0000000085a00000, 0x0000000085b00000|  0%| F|  |TAMS 0x0000000085a00000, 0x0000000085a00000| Untracked 
|  59|0x0000000085b00000, 0x0000000085b00000, 0x0000000085c00000|  0%| F|  |TAMS 0x0000000085b00000, 0x0000000085b00000| Untracked 
|  60|0x0000000085c00000, 0x0000000085c00000, 0x0000000085d00000|  0%| F|  |TAMS 0x0000000085c00000, 0x0000000085c00000| Untracked 
|  61|0x0000000085d00000, 0x0000000085d00000, 0x0000000085e00000|  0%| F|  |TAMS 0x0000000085d00000, 0x0000000085d00000| Untracked 
|  62|0x0000000085e00000, 0x0000000085e00000, 0x0000000085f00000|  0%| F|  |TAMS 0x0000000085e00000, 0x0000000085e00000| Untracked 
|  63|0x0000000085f00000, 0x0000000085f00000, 0x0000000086000000|  0%| F|  |TAMS 0x0000000085f00000, 0x0000000085f00000| Untracked 
|  64|0x0000000086000000, 0x000000008605ac98, 0x0000000086100000| 35%| S|CS|TAMS 0x0000000086000000, 0x0000000086000000| Complete 
|  65|0x0000000086100000, 0x0000000086200000, 0x0000000086200000|100%| S|CS|TAMS 0x0000000086100000, 0x0000000086100000| Complete 
|  66|0x0000000086200000, 0x0000000086300000, 0x0000000086300000|100%| S|CS|TAMS 0x0000000086200000, 0x0000000086200000| Complete 
|  67|0x0000000086300000, 0x0000000086300000, 0x0000000086400000|  0%| F|  |TAMS 0x0000000086300000, 0x0000000086300000| Untracked 
|  68|0x0000000086400000, 0x0000000086400000, 0x0000000086500000|  0%| F|  |TAMS 0x0000000086400000, 0x0000000086400000| Untracked 
|  69|0x0000000086500000, 0x0000000086500000, 0x0000000086600000|  0%| F|  |TAMS 0x0000000086500000, 0x0000000086500000| Untracked 
|  70|0x0000000086600000, 0x0000000086700000, 0x0000000086700000|100%| S|CS|TAMS 0x0000000086600000, 0x0000000086600000| Complete 
|  71|0x0000000086700000, 0x0000000086800000, 0x0000000086800000|100%| S|CS|TAMS 0x0000000086700000, 0x0000000086700000| Complete 
|  72|0x0000000086800000, 0x0000000086800000, 0x0000000086900000|  0%| F|  |TAMS 0x0000000086800000, 0x0000000086800000| Untracked 
|  73|0x0000000086900000, 0x0000000086900000, 0x0000000086a00000|  0%| F|  |TAMS 0x0000000086900000, 0x0000000086900000| Untracked 
|  74|0x0000000086a00000, 0x0000000086a00000, 0x0000000086b00000|  0%| F|  |TAMS 0x0000000086a00000, 0x0000000086a00000| Untracked 
|  75|0x0000000086b00000, 0x0000000086b00000, 0x0000000086c00000|  0%| F|  |TAMS 0x0000000086b00000, 0x0000000086b00000| Untracked 
|  76|0x0000000086c00000, 0x0000000086c00000, 0x0000000086d00000|  0%| F|  |TAMS 0x0000000086c00000, 0x0000000086c00000| Untracked 
|  77|0x0000000086d00000, 0x0000000086d00000, 0x0000000086e00000|  0%| F|  |TAMS 0x0000000086d00000, 0x0000000086d00000| Untracked 
|  78|0x0000000086e00000, 0x0000000086e00000, 0x0000000086f00000|  0%| F|  |TAMS 0x0000000086e00000, 0x0000000086e00000| Untracked 
|  79|0x0000000086f00000, 0x0000000086f00000, 0x0000000087000000|  0%| F|  |TAMS 0x0000000086f00000, 0x0000000086f00000| Untracked 
|  80|0x0000000087000000, 0x0000000087000000, 0x0000000087100000|  0%| F|  |TAMS 0x0000000087000000, 0x0000000087000000| Untracked 
|  81|0x0000000087100000, 0x0000000087100000, 0x0000000087200000|  0%| F|  |TAMS 0x0000000087100000, 0x0000000087100000| Untracked 
|  82|0x0000000087200000, 0x0000000087200000, 0x0000000087300000|  0%| F|  |TAMS 0x0000000087200000, 0x0000000087200000| Untracked 
|  83|0x0000000087300000, 0x0000000087300000, 0x0000000087400000|  0%| F|  |TAMS 0x0000000087300000, 0x0000000087300000| Untracked 
|  84|0x0000000087400000, 0x0000000087400000, 0x0000000087500000|  0%| F|  |TAMS 0x0000000087400000, 0x0000000087400000| Untracked 
|  85|0x0000000087500000, 0x0000000087500000, 0x0000000087600000|  0%| F|  |TAMS 0x0000000087500000, 0x0000000087500000| Untracked 
|  86|0x0000000087600000, 0x0000000087600000, 0x0000000087700000|  0%| F|  |TAMS 0x0000000087600000, 0x0000000087600000| Untracked 
|  87|0x0000000087700000, 0x0000000087700000, 0x0000000087800000|  0%| F|  |TAMS 0x0000000087700000, 0x0000000087700000| Untracked 
|  88|0x0000000087800000, 0x0000000087800000, 0x0000000087900000|  0%| F|  |TAMS 0x0000000087800000, 0x0000000087800000| Untracked 
|  89|0x0000000087900000, 0x0000000087900000, 0x0000000087a00000|  0%| F|  |TAMS 0x0000000087900000, 0x0000000087900000| Untracked 
|  90|0x0000000087a00000, 0x0000000087a00000, 0x0000000087b00000|  0%| F|  |TAMS 0x0000000087a00000, 0x0000000087a00000| Untracked 
|  91|0x0000000087b00000, 0x0000000087b00000, 0x0000000087c00000|  0%| F|  |TAMS 0x0000000087b00000, 0x0000000087b00000| Untracked 
|  92|0x0000000087c00000, 0x0000000087c00000, 0x0000000087d00000|  0%| F|  |TAMS 0x0000000087c00000, 0x0000000087c00000| Untracked 
|  93|0x0000000087d00000, 0x0000000087d00000, 0x0000000087e00000|  0%| F|  |TAMS 0x0000000087d00000, 0x0000000087d00000| Untracked 
|  94|0x0000000087e00000, 0x0000000087e00000, 0x0000000087f00000|  0%| F|  |TAMS 0x0000000087e00000, 0x0000000087e00000| Untracked 
|  95|0x0000000087f00000, 0x0000000087f00000, 0x0000000088000000|  0%| F|  |TAMS 0x0000000087f00000, 0x0000000087f00000| Untracked 
|  96|0x0000000088000000, 0x0000000088000000, 0x0000000088100000|  0%| F|  |TAMS 0x0000000088000000, 0x0000000088000000| Untracked 
|  97|0x0000000088100000, 0x0000000088100000, 0x0000000088200000|  0%| F|  |TAMS 0x0000000088100000, 0x0000000088100000| Untracked 
|  98|0x0000000088200000, 0x0000000088200000, 0x0000000088300000|  0%| F|  |TAMS 0x0000000088200000, 0x0000000088200000| Untracked 
|  99|0x0000000088300000, 0x0000000088300000, 0x0000000088400000|  0%| F|  |TAMS 0x0000000088300000, 0x0000000088300000| Untracked 
| 100|0x0000000088400000, 0x0000000088400000, 0x0000000088500000|  0%| F|  |TAMS 0x0000000088400000, 0x0000000088400000| Untracked 
| 101|0x0000000088500000, 0x0000000088500000, 0x0000000088600000|  0%| F|  |TAMS 0x0000000088500000, 0x0000000088500000| Untracked 
| 102|0x0000000088600000, 0x0000000088600000, 0x0000000088700000|  0%| F|  |TAMS 0x0000000088600000, 0x0000000088600000| Untracked 
| 103|0x0000000088700000, 0x0000000088700000, 0x0000000088800000|  0%| F|  |TAMS 0x0000000088700000, 0x0000000088700000| Untracked 
| 104|0x0000000088800000, 0x0000000088800000, 0x0000000088900000|  0%| F|  |TAMS 0x0000000088800000, 0x0000000088800000| Untracked 
| 105|0x0000000088900000, 0x0000000088900000, 0x0000000088a00000|  0%| F|  |TAMS 0x0000000088900000, 0x0000000088900000| Untracked 
| 106|0x0000000088a00000, 0x0000000088a00000, 0x0000000088b00000|  0%| F|  |TAMS 0x0000000088a00000, 0x0000000088a00000| Untracked 
| 107|0x0000000088b00000, 0x0000000088b00000, 0x0000000088c00000|  0%| F|  |TAMS 0x0000000088b00000, 0x0000000088b00000| Untracked 
| 108|0x0000000088c00000, 0x0000000088c00000, 0x0000000088d00000|  0%| F|  |TAMS 0x0000000088c00000, 0x0000000088c00000| Untracked 
| 109|0x0000000088d00000, 0x0000000088d00000, 0x0000000088e00000|  0%| F|  |TAMS 0x0000000088d00000, 0x0000000088d00000| Untracked 
| 110|0x0000000088e00000, 0x0000000088e00000, 0x0000000088f00000|  0%| F|  |TAMS 0x0000000088e00000, 0x0000000088e00000| Untracked 
| 111|0x0000000088f00000, 0x0000000088f00000, 0x0000000089000000|  0%| F|  |TAMS 0x0000000088f00000, 0x0000000088f00000| Untracked 
| 112|0x0000000089000000, 0x0000000089000000, 0x0000000089100000|  0%| F|  |TAMS 0x0000000089000000, 0x0000000089000000| Untracked 
| 113|0x0000000089100000, 0x0000000089100000, 0x0000000089200000|  0%| F|  |TAMS 0x0000000089100000, 0x0000000089100000| Untracked 
| 114|0x0000000089200000, 0x0000000089200000, 0x0000000089300000|  0%| F|  |TAMS 0x0000000089200000, 0x0000000089200000| Untracked 
| 115|0x0000000089300000, 0x0000000089300000, 0x0000000089400000|  0%| F|  |TAMS 0x0000000089300000, 0x0000000089300000| Untracked 
| 116|0x0000000089400000, 0x0000000089400000, 0x0000000089500000|  0%| F|  |TAMS 0x0000000089400000, 0x0000000089400000| Untracked 
| 117|0x0000000089500000, 0x0000000089500000, 0x0000000089600000|  0%| F|  |TAMS 0x0000000089500000, 0x0000000089500000| Untracked 
| 118|0x0000000089600000, 0x0000000089600000, 0x0000000089700000|  0%| F|  |TAMS 0x0000000089600000, 0x0000000089600000| Untracked 
| 119|0x0000000089700000, 0x0000000089700000, 0x0000000089800000|  0%| F|  |TAMS 0x0000000089700000, 0x0000000089700000| Untracked 
| 120|0x0000000089800000, 0x0000000089800000, 0x0000000089900000|  0%| F|  |TAMS 0x0000000089800000, 0x0000000089800000| Untracked 
| 121|0x0000000089900000, 0x0000000089900000, 0x0000000089a00000|  0%| F|  |TAMS 0x0000000089900000, 0x0000000089900000| Untracked 
| 122|0x0000000089a00000, 0x0000000089a00000, 0x0000000089b00000|  0%| F|  |TAMS 0x0000000089a00000, 0x0000000089a00000| Untracked 
| 123|0x0000000089b00000, 0x0000000089b00000, 0x0000000089c00000|  0%| F|  |TAMS 0x0000000089b00000, 0x0000000089b00000| Untracked 
| 124|0x0000000089c00000, 0x0000000089c00000, 0x0000000089d00000|  0%| F|  |TAMS 0x0000000089c00000, 0x0000000089c00000| Untracked 
| 125|0x0000000089d00000, 0x0000000089d00000, 0x0000000089e00000|  0%| F|  |TAMS 0x0000000089d00000, 0x0000000089d00000| Untracked 

Card table byte_map: [0x0000025d60210000,0x0000025d60600000] _byte_map_base: 0x0000025d5fe00000

Marking Bits (Prev, Next): (CMBitMap*) 0x0000025d4d999c10, (CMBitMap*) 0x0000025d4d999bd0
 Prev Bits: [0x0000025d62970000, 0x0000025d648f0000)
 Next Bits: [0x0000025d609f0000, 0x0000025d62970000)

Polling page: 0x0000025d4b740000

Metaspace:

Usage:
  Non-class:     53.90 MB used.
      Class:      7.01 MB used.
       Both:     60.92 MB used.

Virtual space:
  Non-class space:       64.00 MB reserved,      54.00 MB ( 84%) committed,  1 nodes.
      Class space:        1.00 GB reserved,       7.12 MB ( <1%) committed,  1 nodes.
             Both:        1.06 GB reserved,      61.12 MB (  6%) committed. 

Chunk freelists:
   Non-Class:  9.77 MB
       Class:  8.86 MB
        Both:  18.62 MB

MaxMetaspaceSize: unlimited
CompressedClassSpaceSize: 1.00 GB
Initial GC threshold: 21.00 MB
Current GC threshold: 76.06 MB
CDS: off
MetaspaceReclaimPolicy: balanced
 - commit_granule_bytes: 65536.
 - commit_granule_words: 8192.
 - virtual_space_node_default_size: 8388608.
 - enlarge_chunks_in_place: 1.
 - new_chunks_are_fully_committed: 0.
 - uncommit_free_chunks: 1.
 - use_allocation_guard: 0.
 - handle_deallocations: 1.


Internal statistics:

num_allocs_failed_limit: 6.
num_arena_births: 258.
num_arena_deaths: 0.
num_vsnodes_births: 2.
num_vsnodes_deaths: 0.
num_space_committed: 976.
num_space_uncommitted: 0.
num_chunks_returned_to_freelist: 6.
num_chunks_taken_from_freelist: 2157.
num_chunk_merges: 6.
num_chunk_splits: 1794.
num_chunks_enlarged: 1606.
num_inconsistent_stats: 0.

CodeHeap 'non-profiled nmethods': size=120000Kb used=2525Kb max_used=2750Kb free=117474Kb
 bounds [0x0000025d588f0000, 0x0000025d58ba0000, 0x0000025d5fe20000]
CodeHeap 'profiled nmethods': size=120000Kb used=16563Kb max_used=17718Kb free=103437Kb
 bounds [0x0000025d50e20000, 0x0000025d51f70000, 0x0000025d58350000]
CodeHeap 'non-nmethods': size=5760Kb used=1329Kb max_used=1361Kb free=4430Kb
 bounds [0x0000025d58350000, 0x0000025d585c0000, 0x0000025d588f0000]
 total_blobs=7897 nmethods=7247 adapters=560
 compilation: enabled
              stopped_count=0, restarted_count=0
 full_count=0

Compilation events (20 events):
Event: 10.826 Thread 0x0000025d6b02ba50 nmethod 7818 0x0000025d50f30690 code [0x0000025d50f30820, 0x0000025d50f30a38]
Event: 10.826 Thread 0x0000025d6b02ba50 7819       2       org.jetbrains.kotlin.serialization.deserialization.ProtoContainer::<init> (20 bytes)
Event: 10.826 Thread 0x0000025d6b02ba50 nmethod 7819 0x0000025d50f39d10 code [0x0000025d50f39ea0, 0x0000025d50f3a0b8]
Event: 10.826 Thread 0x0000025d6b02ba50 7820       2       org.jetbrains.kotlin.metadata.jvm.JvmProtoBuf$JvmPropertySignature$Builder::mergeGetter (58 bytes)
Event: 10.827 Thread 0x0000025d6b02ba50 nmethod 7820 0x0000025d50f25110 code [0x0000025d50f252e0, 0x0000025d50f25628]
Event: 10.827 Thread 0x0000025d6b02ba50 7821       1       org.jetbrains.kotlin.load.java.lazy.LazyJavaPackageFragmentProvider::access$getC$p (5 bytes)
Event: 10.827 Thread 0x0000025d6b02ba50 nmethod 7821 0x0000025d58910f10 code [0x0000025d589110a0, 0x0000025d58911158]
Event: 10.827 Thread 0x0000025d6b02ba50 7822       2       org.jetbrains.kotlin.renderer.DescriptorRendererImpl::render (65 bytes)
Event: 10.829 Thread 0x0000025d6b02ba50 nmethod 7822 0x0000025d50f85a10 code [0x0000025d50f85c60, 0x0000025d50f861e8]
Event: 10.829 Thread 0x0000025d6b02ba50 7823       2       org.jetbrains.kotlin.renderer.DescriptorRendererImpl$RenderDeclarationDescriptorVisitor::<init> (10 bytes)
Event: 10.829 Thread 0x0000025d6b02ba50 nmethod 7823 0x0000025d50f4c010 code [0x0000025d50f4c1a0, 0x0000025d50f4c2f8]
Event: 10.829 Thread 0x0000025d6b02ba50 7824       2       org.jetbrains.kotlin.renderer.DescriptorRendererImpl::getWithDefinedIn (8 bytes)
Event: 10.829 Thread 0x0000025d6b02ba50 nmethod 7824 0x0000025d50f60790 code [0x0000025d50f60940, 0x0000025d50f60ac8]
Event: 10.829 Thread 0x0000025d6b02ba50 7825       2       org.jetbrains.kotlin.renderer.DescriptorRendererOptionsImpl::getWithDefinedIn (22 bytes)
Event: 10.829 Thread 0x0000025d6b02ba50 nmethod 7825 0x0000025d51156210 code [0x0000025d511563c0, 0x0000025d51156548]
Event: 10.830 Thread 0x0000025d6b02ba50 7826       2       org.jetbrains.kotlin.serialization.deserialization.descriptors.DeserializedMemberScope$OptimizedImplementation$functionNames$2::invoke (5 bytes)
Event: 10.830 Thread 0x0000025d6b02ba50 nmethod 7826 0x0000025d50f46c90 code [0x0000025d50f46e40, 0x0000025d50f47028]
Event: 10.830 Thread 0x0000025d6b02ba50 7827       2       org.jetbrains.kotlin.serialization.deserialization.descriptors.DeserializedMemberScope$OptimizedImplementation$functionNames$2::invoke (26 bytes)
Event: 10.830 Thread 0x0000025d6b02ba50 nmethod 7827 0x0000025d50f83610 code [0x0000025d50f837c0, 0x0000025d50f839a8]
Event: 10.831 Thread 0x0000025d6b02ba50 7828       2       org.jetbrains.kotlin.ir.symbols.impl.IrBindableSymbolBase::<init> (167 bytes)

GC Heap History (20 events):
Event: 5.002 GC heap after
{Heap after GC invocations=8 (full 0):
 garbage-first heap   total 54272K, used 18739K [0x0000000082000000, 0x0000000100000000)
  region size 1024K, 2 young (2048K), 2 survivors (2048K)
 Metaspace       used 35968K, committed 36160K, reserved 1114112K
  class space    used 4539K, committed 4672K, reserved 1048576K
}
Event: 5.318 GC heap before
{Heap before GC invocations=9 (full 0):
 garbage-first heap   total 54272K, used 37171K [0x0000000082000000, 0x0000000100000000)
  region size 1024K, 20 young (20480K), 2 survivors (2048K)
 Metaspace       used 39726K, committed 39936K, reserved 1114112K
  class space    used 4882K, committed 4992K, reserved 1048576K
}
Event: 5.323 GC heap after
{Heap after GC invocations=10 (full 0):
 garbage-first heap   total 54272K, used 20663K [0x0000000082000000, 0x0000000100000000)
  region size 1024K, 3 young (3072K), 3 survivors (3072K)
 Metaspace       used 39726K, committed 39936K, reserved 1114112K
  class space    used 4882K, committed 4992K, reserved 1048576K
}
Event: 5.337 GC heap before
{Heap before GC invocations=10 (full 0):
 garbage-first heap   total 54272K, used 20663K [0x0000000082000000, 0x0000000100000000)
  region size 1024K, 4 young (4096K), 3 survivors (3072K)
 Metaspace       used 39913K, committed 40064K, reserved 1114112K
  class space    used 4906K, committed 4992K, reserved 1048576K
}
Event: 5.344 GC heap after
{Heap after GC invocations=11 (full 0):
 garbage-first heap   total 54272K, used 20526K [0x0000000082000000, 0x0000000100000000)
  region size 1024K, 1 young (1024K), 1 survivors (1024K)
 Metaspace       used 39913K, committed 40064K, reserved 1114112K
  class space    used 4906K, committed 4992K, reserved 1048576K
}
Event: 5.792 GC heap before
{Heap before GC invocations=11 (full 0):
 garbage-first heap   total 54272K, used 38958K [0x0000000082000000, 0x0000000100000000)
  region size 1024K, 19 young (19456K), 1 survivors (1024K)
 Metaspace       used 44243K, committed 44416K, reserved 1114112K
  class space    used 5404K, committed 5504K, reserved 1048576K
}
Event: 5.798 GC heap after
{Heap after GC invocations=12 (full 0):
 garbage-first heap   total 54272K, used 21550K [0x0000000082000000, 0x0000000100000000)
  region size 1024K, 2 young (2048K), 2 survivors (2048K)
 Metaspace       used 44243K, committed 44416K, reserved 1114112K
  class space    used 5404K, committed 5504K, reserved 1048576K
}
Event: 6.217 GC heap before
{Heap before GC invocations=12 (full 0):
 garbage-first heap   total 54272K, used 43054K [0x0000000082000000, 0x0000000100000000)
  region size 1024K, 20 young (20480K), 2 survivors (2048K)
 Metaspace       used 46452K, committed 46656K, reserved 1114112K
  class space    used 5666K, committed 5760K, reserved 1048576K
}
Event: 6.228 GC heap after
{Heap after GC invocations=13 (full 0):
 garbage-first heap   total 54272K, used 27033K [0x0000000082000000, 0x0000000100000000)
  region size 1024K, 3 young (3072K), 3 survivors (3072K)
 Metaspace       used 46452K, committed 46656K, reserved 1114112K
  class space    used 5666K, committed 5760K, reserved 1048576K
}
Event: 6.409 GC heap before
{Heap before GC invocations=13 (full 0):
 garbage-first heap   total 54272K, used 40345K [0x0000000082000000, 0x0000000100000000)
  region size 1024K, 16 young (16384K), 3 survivors (3072K)
 Metaspace       used 46505K, committed 46720K, reserved 1114112K
  class space    used 5666K, committed 5760K, reserved 1048576K
}
Event: 6.420 GC heap after
{Heap after GC invocations=14 (full 0):
 garbage-first heap   total 108544K, used 28958K [0x0000000082000000, 0x0000000100000000)
  region size 1024K, 2 young (2048K), 2 survivors (2048K)
 Metaspace       used 46505K, committed 46720K, reserved 1114112K
  class space    used 5666K, committed 5760K, reserved 1048576K
}
Event: 7.718 GC heap before
{Heap before GC invocations=15 (full 0):
 garbage-first heap   total 108544K, used 82206K [0x0000000082000000, 0x0000000100000000)
  region size 1024K, 54 young (55296K), 2 survivors (2048K)
 Metaspace       used 52154K, committed 52416K, reserved 1114112K
  class space    used 6231K, committed 6336K, reserved 1048576K
}
Event: 7.741 GC heap after
{Heap after GC invocations=16 (full 0):
 garbage-first heap   total 108544K, used 36778K [0x0000000082000000, 0x0000000100000000)
  region size 1024K, 7 young (7168K), 7 survivors (7168K)
 Metaspace       used 52154K, committed 52416K, reserved 1114112K
  class space    used 6231K, committed 6336K, reserved 1048576K
}
Event: 7.781 GC heap before
{Heap before GC invocations=16 (full 0):
 garbage-first heap   total 108544K, used 37802K [0x0000000082000000, 0x0000000100000000)
  region size 1024K, 8 young (8192K), 7 survivors (7168K)
 Metaspace       used 52228K, committed 52480K, reserved 1114112K
  class space    used 6231K, committed 6336K, reserved 1048576K
}
Event: 7.797 GC heap after
{Heap after GC invocations=17 (full 0):
 garbage-first heap   total 108544K, used 36769K [0x0000000082000000, 0x0000000100000000)
  region size 1024K, 1 young (1024K), 1 survivors (1024K)
 Metaspace       used 52228K, committed 52480K, reserved 1114112K
  class space    used 6231K, committed 6336K, reserved 1048576K
}
Event: 8.514 GC heap before
{Heap before GC invocations=17 (full 0):
 garbage-first heap   total 108544K, used 75681K [0x0000000082000000, 0x0000000100000000)
  region size 1024K, 39 young (39936K), 1 survivors (1024K)
 Metaspace       used 53177K, committed 53440K, reserved 1114112K
  class space    used 6280K, committed 6400K, reserved 1048576K
}
Event: 8.533 GC heap after
{Heap after GC invocations=18 (full 0):
 garbage-first heap   total 108544K, used 43008K [0x0000000082000000, 0x0000000100000000)
  region size 1024K, 5 young (5120K), 5 survivors (5120K)
 Metaspace       used 53177K, committed 53440K, reserved 1114112K
  class space    used 6280K, committed 6400K, reserved 1048576K
}
Event: 9.760 GC heap before
{Heap before GC invocations=18 (full 0):
 garbage-first heap   total 108544K, used 79872K [0x0000000082000000, 0x0000000100000000)
  region size 1024K, 41 young (41984K), 5 survivors (5120K)
 Metaspace       used 57106K, committed 57344K, reserved 1114112K
  class space    used 6696K, committed 6784K, reserved 1048576K
}
Event: 9.775 GC heap after
{Heap after GC invocations=19 (full 0):
 garbage-first heap   total 108544K, used 47175K [0x0000000082000000, 0x0000000100000000)
  region size 1024K, 4 young (4096K), 4 survivors (4096K)
 Metaspace       used 57106K, committed 57344K, reserved 1114112K
  class space    used 6696K, committed 6784K, reserved 1048576K
}
Event: 10.831 GC heap before
{Heap before GC invocations=19 (full 0):
 garbage-first heap   total 108544K, used 81991K [0x0000000082000000, 0x0000000100000000)
  region size 1024K, 38 young (38912K), 4 survivors (4096K)
 Metaspace       used 62377K, committed 62592K, reserved 1114112K
  class space    used 7179K, committed 7296K, reserved 1048576K
}

Dll operation events (2 events):
Event: 0.009 Loaded shared library C:\Program Files\Android\Android Studio\jbr\bin\java.dll
Event: 3.923 Loaded shared library C:\Program Files\Android\Android Studio\jbr\bin\verify.dll

Deoptimization events (20 events):
Event: 10.599 Thread 0x0000025d4d941e00 DEOPT PACKING pc=0x0000025d58935860 sp=0x000000ef786fca90
Event: 10.599 Thread 0x0000025d4d941e00 DEOPT UNPACKING pc=0x0000025d583a69a3 sp=0x000000ef786fca00 mode 2
Event: 10.599 Thread 0x0000025d4d941e00 Uncommon trap: trap_request=0xffffffde fr.pc=0x0000025d58935860 relative=0x00000000000010c0
Event: 10.599 Thread 0x0000025d4d941e00 Uncommon trap: reason=class_check action=maybe_recompile pc=0x0000025d58935860 method=java.util.concurrent.ConcurrentHashMap.putVal(Ljava/lang/Object;Ljava/lang/Object;Z)Ljava/lang/Object; @ 242 c2
Event: 10.599 Thread 0x0000025d4d941e00 DEOPT PACKING pc=0x0000025d58935860 sp=0x000000ef786fca90
Event: 10.599 Thread 0x0000025d4d941e00 DEOPT UNPACKING pc=0x0000025d583a69a3 sp=0x000000ef786fca00 mode 2
Event: 10.603 Thread 0x0000025d4d941e00 Uncommon trap: trap_request=0xffffff45 fr.pc=0x0000025d5895321c relative=0x000000000000027c
Event: 10.603 Thread 0x0000025d4d941e00 Uncommon trap: reason=unstable_if action=reinterpret pc=0x0000025d5895321c method=java.util.concurrent.ConcurrentHashMap.get(Ljava/lang/Object;)Ljava/lang/Object; @ 152 c2
Event: 10.603 Thread 0x0000025d4d941e00 DEOPT PACKING pc=0x0000025d5895321c sp=0x000000ef786f9c10
Event: 10.603 Thread 0x0000025d4d941e00 DEOPT UNPACKING pc=0x0000025d583a69a3 sp=0x000000ef786f9b78 mode 2
Event: 10.742 Thread 0x0000025d4d941e00 Uncommon trap: trap_request=0xffffffc6 fr.pc=0x0000025d58b64c44 relative=0x0000000000000444
Event: 10.742 Thread 0x0000025d4d941e00 Uncommon trap: reason=bimorphic_or_optimized_type_check action=maybe_recompile pc=0x0000025d58b64c44 method=org.jetbrains.kotlin.storage.LockBasedStorageManager$LockBasedLazyValue.invoke()Ljava/lang/Object; @ 181 c2
Event: 10.742 Thread 0x0000025d4d941e00 DEOPT PACKING pc=0x0000025d58b64c44 sp=0x000000ef786fe9e0
Event: 10.742 Thread 0x0000025d4d941e00 DEOPT UNPACKING pc=0x0000025d583a69a3 sp=0x000000ef786fe910 mode 2
Event: 10.742 Thread 0x0000025d4d941e00 Uncommon trap: trap_request=0xffffffc6 fr.pc=0x0000025d58b64c44 relative=0x0000000000000444
Event: 10.742 Thread 0x0000025d4d941e00 Uncommon trap: reason=bimorphic_or_optimized_type_check action=maybe_recompile pc=0x0000025d58b64c44 method=org.jetbrains.kotlin.storage.LockBasedStorageManager$LockBasedLazyValue.invoke()Ljava/lang/Object; @ 181 c2
Event: 10.742 Thread 0x0000025d4d941e00 DEOPT PACKING pc=0x0000025d58b64c44 sp=0x000000ef786fe680
Event: 10.742 Thread 0x0000025d4d941e00 DEOPT UNPACKING pc=0x0000025d583a69a3 sp=0x000000ef786fe5b0 mode 2
Event: 10.819 Thread 0x0000025d4d941e00 DEOPT PACKING pc=0x0000025d5156304d sp=0x000000ef786fdd30
Event: 10.819 Thread 0x0000025d4d941e00 DEOPT UNPACKING pc=0x0000025d583a7143 sp=0x000000ef786fd1c0 mode 0

Classes unloaded (0 events):
No events

Classes redefined (0 events):
No events

Internal exceptions (20 events):
Event: 5.670 Thread 0x0000025d4d941e00 Exception <a 'java/lang/NoSuchMethodError'{0x0000000084625ae0}: 'java.lang.Object java.lang.invoke.DirectMethodHandle$Holder.invokeSpecial(java.lang.Object, java.lang.Object, java.lang.Object, java.lang.Object, int)'> (0x0000000084625ae0) 
thrown [s\src\hotspot\share\interpreter\linkResolver.cpp, line 771]
Event: 5.670 Thread 0x0000025d4d941e00 Exception <a 'java/lang/NoSuchMethodError'{0x0000000084629950}: 'java.lang.Object java.lang.invoke.Invokers$Holder.linkToTargetMethod(java.lang.Object, java.lang.Object, int, java.lang.Object)'> (0x0000000084629950) 
thrown [s\src\hotspot\share\interpreter\linkResolver.cpp, line 771]
Event: 7.074 Thread 0x0000025d4d941e00 Exception <a 'java/lang/NoSuchMethodError'{0x0000000086cc39f8}: 'java.lang.Object java.lang.invoke.DirectMethodHandle$Holder.newInvokeSpecial(java.lang.Object, java.lang.Object, java.lang.Object, java.lang.Object, java.lang.Object, java.lang.Object, java.lang.Object, java.lang.Object)'> (0x0000000086cc39f8) 
thrown [s\src\hotspot\share\interpreter\linkResolver.cpp, line 771]
Event: 7.074 Thread 0x0000025d4d941e00 Exception <a 'java/lang/NoSuchMethodError'{0x0000000086cc9010}: 'java.lang.Object java.lang.invoke.DirectMethodHandle$Holder.invokeSpecial(java.lang.Object, java.lang.Object, java.lang.Object, java.lang.Object, java.lang.Object, java.lang.Object, java.lang.Object, java.lang.Object, java.lang.Object)'> (0x0000000086cc9010) 
thrown [s\src\hotspot\share\interpreter\linkResolver.cpp, line 771]
Event: 7.075 Thread 0x0000025d4d941e00 Exception <a 'java/lang/NoSuchMethodError'{0x0000000086ccdf40}: 'java.lang.Object java.lang.invoke.Invokers$Holder.linkToTargetMethod(java.lang.Object, java.lang.Object, java.lang.Object, java.lang.Object, java.lang.Object, java.lang.Object, java.lang.Object, java.lang.Object)'> (0x0000000086ccdf40) 
thrown [s\src\hotspot\share\interpreter\linkResolver.cpp, line 771]
Event: 7.230 Thread 0x0000025d4d941e00 Exception <a 'java/lang/NoSuchMethodError'{0x00000000864d8168}: 'java.lang.Object java.lang.invoke.DirectMethodHandle$Holder.newInvokeSpecial(java.lang.Object, java.lang.Object, java.lang.Object, java.lang.Object, java.lang.Object, java.lang.Object)'> (0x00000000864d8168) 
thrown [s\src\hotspot\share\interpreter\linkResolver.cpp, line 771]
Event: 7.439 Thread 0x0000025d4d941e00 Exception <a 'java/lang/NoSuchMethodError'{0x0000000085cb7e18}: 'java.lang.Object java.lang.invoke.DirectMethodHandle$Holder.invokeStaticInit(java.lang.Object, java.lang.Object, java.lang.Object)'> (0x0000000085cb7e18) 
thrown [s\src\hotspot\share\interpreter\linkResolver.cpp, line 771]
Event: 7.448 Thread 0x0000025d4d941e00 Exception <a 'java/lang/NoSuchMethodError'{0x0000000085cf6628}: 'java.lang.Object java.lang.invoke.DirectMethodHandle$Holder.newInvokeSpecial(java.lang.Object, int, java.lang.Object)'> (0x0000000085cf6628) 
thrown [s\src\hotspot\share\interpreter\linkResolver.cpp, line 771]
Event: 7.449 Thread 0x0000025d4d941e00 Exception <a 'java/lang/NoSuchMethodError'{0x0000000085cfcd18}: 'int java.lang.invoke.DirectMethodHandle$Holder.invokeInterface(java.lang.Object, java.lang.Object)'> (0x0000000085cfcd18) 
thrown [s\src\hotspot\share\interpreter\linkResolver.cpp, line 771]
Event: 8.641 Thread 0x0000025d4d941e00 Implicit null exception at 0x0000025d58a2354c to 0x0000025d58a23640
Event: 8.733 Thread 0x0000025d4d941e00 Implicit null exception at 0x0000025d589cc194 to 0x0000025d589cc28c
Event: 8.733 Thread 0x0000025d4d941e00 Implicit null exception at 0x0000025d58951160 to 0x0000025d589511fa
Event: 8.753 Thread 0x0000025d4d941e00 Exception <a 'java/lang/NoSuchMethodError'{0x0000000087eaf908}: 'java.lang.Object java.lang.invoke.DirectMethodHandle$Holder.invokeInterface(java.lang.Object, java.lang.Object, java.lang.Object)'> (0x0000000087eaf908) 
thrown [s\src\hotspot\share\interpreter\linkResolver.cpp, line 771]
Event: 8.753 Thread 0x0000025d4d941e00 Exception <a 'java/lang/IncompatibleClassChangeError'{0x0000000087eb3278}: Found class java.lang.Object, but interface was expected> (0x0000000087eb3278) 
thrown [s\src\hotspot\share\interpreter\linkResolver.cpp, line 838]
Event: 8.771 Thread 0x0000025d4d941e00 Implicit null exception at 0x0000025d5894048f to 0x0000025d58940509
Event: 9.324 Thread 0x0000025d4d941e00 Exception <a 'java/lang/NoSuchMethodError'{0x0000000087045cf0}: 'int java.lang.invoke.DirectMethodHandle$Holder.invokeStaticInit(java.lang.Object, int)'> (0x0000000087045cf0) 
thrown [s\src\hotspot\share\interpreter\linkResolver.cpp, line 771]
Event: 9.800 Thread 0x0000025d4d941e00 Exception <a 'java/lang/NoSuchMethodError'{0x0000000089d883f0}: 'java.lang.Object java.lang.invoke.DirectMethodHandle$Holder.newInvokeSpecial(java.lang.Object, java.lang.Object, java.lang.Object, java.lang.Object, java.lang.Object, java.lang.Object, java.lang.Object)'> (0x0000000089d883f0) 
thrown [s\src\hotspot\share\interpreter\linkResolver.cpp, line 771]
Event: 9.800 Thread 0x0000025d4d941e00 Exception <a 'java/lang/NoSuchMethodError'{0x0000000089d8d4f8}: 'java.lang.Object java.lang.invoke.Invokers$Holder.linkToTargetMethod(java.lang.Object, java.lang.Object, java.lang.Object, java.lang.Object, java.lang.Object, java.lang.Object, java.lang.Object)'> (0x0000000089d8d4f8) 
thrown [s\src\hotspot\share\interpreter\linkResolver.cpp, line 771]
Event: 9.986 Thread 0x0000025d4d941e00 Implicit null exception at 0x0000025d58b4dba0 to 0x0000025d58b4ed18
Event: 10.456 Thread 0x0000025d4d941e00 Implicit null exception at 0x0000025d58999f11 to 0x0000025d5899a18c

VM Operations (20 events):
Event: 10.576 Executing VM operation: HandshakeAllThreads done
Event: 10.598 Executing VM operation: ICBufferFull
Event: 10.598 Executing VM operation: ICBufferFull done
Event: 10.619 Executing VM operation: HandshakeAllThreads
Event: 10.619 Executing VM operation: HandshakeAllThreads done
Event: 10.696 Executing VM operation: HandshakeAllThreads
Event: 10.696 Executing VM operation: HandshakeAllThreads done
Event: 10.696 Executing VM operation: HandshakeAllThreads
Event: 10.696 Executing VM operation: HandshakeAllThreads done
Event: 10.709 Executing VM operation: ICBufferFull
Event: 10.710 Executing VM operation: ICBufferFull done
Event: 10.716 Executing VM operation: HandshakeAllThreads
Event: 10.716 Executing VM operation: HandshakeAllThreads done
Event: 10.718 Executing VM operation: HandshakeAllThreads
Event: 10.719 Executing VM operation: HandshakeAllThreads done
Event: 10.723 Executing VM operation: HandshakeAllThreads
Event: 10.723 Executing VM operation: HandshakeAllThreads done
Event: 10.735 Executing VM operation: HandshakeAllThreads
Event: 10.735 Executing VM operation: HandshakeAllThreads done
Event: 10.831 Executing VM operation: G1CollectForAllocation

Events (20 events):
Event: 10.726 Thread 0x0000025d6b04c910 flushing nmethod 0x0000025d5149b210
Event: 10.726 Thread 0x0000025d6b04c910 flushing nmethod 0x0000025d5149b890
Event: 10.726 Thread 0x0000025d6b04c910 flushing nmethod 0x0000025d5149fe10
Event: 10.727 Thread 0x0000025d6b04c910 flushing nmethod 0x0000025d514a1e90
Event: 10.727 Thread 0x0000025d6b04c910 flushing nmethod 0x0000025d514a4090
Event: 10.727 Thread 0x0000025d6b04c910 flushing nmethod 0x0000025d514a5d10
Event: 10.727 Thread 0x0000025d6b04c910 flushing nmethod 0x0000025d514a6090
Event: 10.727 Thread 0x0000025d6b04c910 flushing nmethod 0x0000025d514a6810
Event: 10.727 Thread 0x0000025d6b04c910 flushing nmethod 0x0000025d514c5010
Event: 10.727 Thread 0x0000025d6b04c910 flushing nmethod 0x0000025d514c8a10
Event: 10.727 Thread 0x0000025d6b04c910 flushing nmethod 0x0000025d514d2610
Event: 10.727 Thread 0x0000025d6b04c910 flushing nmethod 0x0000025d514d3d90
Event: 10.727 Thread 0x0000025d6b04c910 flushing nmethod 0x0000025d514eda10
Event: 10.727 Thread 0x0000025d6b04c910 flushing nmethod 0x0000025d51508790
Event: 10.727 Thread 0x0000025d6b04c910 flushing nmethod 0x0000025d51528e10
Event: 10.727 Thread 0x0000025d6b04c910 flushing nmethod 0x0000025d51529890
Event: 10.727 Thread 0x0000025d6b04c910 flushing nmethod 0x0000025d5153c410
Event: 10.727 Thread 0x0000025d6b04c910 flushing nmethod 0x0000025d51542610
Event: 10.727 Thread 0x0000025d6b04c910 flushing nmethod 0x0000025d51553390
Event: 10.727 Thread 0x0000025d6b04c910 flushing nmethod 0x0000025d51557b90


Dynamic libraries:
0x00007ff78a9d0000 - 0x00007ff78a9da000 	C:\Program Files\Android\Android Studio\jbr\bin\java.exe
0x00007ff9a4110000 - 0x00007ff9a4308000 	C:\Windows\SYSTEM32\ntdll.dll
0x00007ff9a2140000 - 0x00007ff9a2201000 	C:\Windows\System32\KERNEL32.DLL
0x00007ff9a1a00000 - 0x00007ff9a1cf6000 	C:\Windows\System32\KERNELBASE.dll
0x00007ff9a1890000 - 0x00007ff9a1990000 	C:\Windows\System32\ucrtbase.dll
0x00007ff999680000 - 0x00007ff99969b000 	C:\Program Files\Android\Android Studio\jbr\bin\VCRUNTIME140.dll
0x00007ff992e90000 - 0x00007ff992ea7000 	C:\Program Files\Android\Android Studio\jbr\bin\jli.dll
0x00007ff9a3a00000 - 0x00007ff9a3b9f000 	C:\Windows\System32\USER32.dll
0x00007ff98c480000 - 0x00007ff98c71a000 	C:\Windows\WinSxS\amd64_microsoft.windows.common-controls_6595b64144ccf1df_6.0.19041.4355_none_60b8b9eb71f62e16\COMCTL32.dll
0x00007ff9a1860000 - 0x00007ff9a1882000 	C:\Windows\System32\win32u.dll
0x00007ff9a3210000 - 0x00007ff9a32ae000 	C:\Windows\System32\msvcrt.dll
0x00007ff9a4030000 - 0x00007ff9a405b000 	C:\Windows\System32\GDI32.dll
0x00007ff9a1db0000 - 0x00007ff9a1ec7000 	C:\Windows\System32\gdi32full.dll
0x00007ff9a17c0000 - 0x00007ff9a185d000 	C:\Windows\System32\msvcp_win.dll
0x00007ff9a2980000 - 0x00007ff9a29af000 	C:\Windows\System32\IMM32.DLL
0x00007ff99d650000 - 0x00007ff99d65c000 	C:\Program Files\Android\Android Studio\jbr\bin\vcruntime140_1.dll
0x00007ff981370000 - 0x00007ff9813fd000 	C:\Program Files\Android\Android Studio\jbr\bin\msvcp140.dll
0x00007ff962280000 - 0x00007ff962f03000 	C:\Program Files\Android\Android Studio\jbr\bin\server\jvm.dll
0x00007ff9a3da0000 - 0x00007ff9a3e50000 	C:\Windows\System32\ADVAPI32.dll
0x00007ff9a3830000 - 0x00007ff9a38d0000 	C:\Windows\System32\sechost.dll
0x00007ff9a38d0000 - 0x00007ff9a39f3000 	C:\Windows\System32\RPCRT4.dll
0x00007ff9a1ed0000 - 0x00007ff9a1ef7000 	C:\Windows\System32\bcrypt.dll
0x00007ff9a1560000 - 0x00007ff9a15ab000 	C:\Windows\SYSTEM32\POWRPROF.dll
0x00007ff992870000 - 0x00007ff992879000 	C:\Windows\SYSTEM32\WSOCK32.dll
0x00007ff9a32c0000 - 0x00007ff9a332b000 	C:\Windows\System32\WS2_32.dll
0x00007ff987850000 - 0x00007ff987877000 	C:\Windows\SYSTEM32\WINMM.dll
0x00007ff998b00000 - 0x00007ff998b0a000 	C:\Windows\SYSTEM32\VERSION.dll
0x00007ff9a1540000 - 0x00007ff9a1552000 	C:\Windows\SYSTEM32\UMPDC.dll
0x00007ff99ff90000 - 0x00007ff99ffa2000 	C:\Windows\SYSTEM32\kernel.appcore.dll
0x00007ff99a1e0000 - 0x00007ff99a1ea000 	C:\Program Files\Android\Android Studio\jbr\bin\jimage.dll
0x00007ff99f4e0000 - 0x00007ff99f6c4000 	C:\Windows\SYSTEM32\DBGHELP.DLL
0x00007ff97d610000 - 0x00007ff97d644000 	C:\Windows\SYSTEM32\dbgcore.DLL
0x00007ff9a20b0000 - 0x00007ff9a2132000 	C:\Windows\System32\bcryptPrimitives.dll
0x00007ff999620000 - 0x00007ff999645000 	C:\Program Files\Android\Android Studio\jbr\bin\java.dll
0x00007ff9948f0000 - 0x00007ff994908000 	C:\Program Files\Android\Android Studio\jbr\bin\zip.dll
0x00007ff9a2210000 - 0x00007ff9a297c000 	C:\Windows\System32\SHELL32.dll
0x00007ff99f7e0000 - 0x00007ff99ff7d000 	C:\Windows\SYSTEM32\windows.storage.dll
0x00007ff9a29b0000 - 0x00007ff9a2d03000 	C:\Windows\System32\combase.dll
0x00007ff9a1030000 - 0x00007ff9a105e000 	C:\Windows\SYSTEM32\Wldp.dll
0x00007ff9a3cd0000 - 0x00007ff9a3d9d000 	C:\Windows\System32\OLEAUT32.dll
0x00007ff9a3e50000 - 0x00007ff9a3efd000 	C:\Windows\System32\SHCORE.dll
0x00007ff9a3330000 - 0x00007ff9a3385000 	C:\Windows\System32\shlwapi.dll
0x00007ff9a16f0000 - 0x00007ff9a1714000 	C:\Windows\SYSTEM32\profapi.dll
0x00007ff992ed0000 - 0x00007ff992ee9000 	C:\Program Files\Android\Android Studio\jbr\bin\net.dll
0x00007ff99c340000 - 0x00007ff99c44a000 	C:\Windows\SYSTEM32\WINHTTP.dll
0x00007ff9a0e10000 - 0x00007ff9a0e7a000 	C:\Windows\system32\mswsock.dll
0x00007ff992eb0000 - 0x00007ff992ec6000 	C:\Program Files\Android\Android Studio\jbr\bin\nio.dll
0x00007ff9997e0000 - 0x00007ff9997f0000 	C:\Program Files\Android\Android Studio\jbr\bin\verify.dll

dbghelp: loaded successfully - version: 4.0.5 - missing functions: none
symbol engine: initialized successfully - sym options: 0x614 - pdb path: .;C:\Program Files\Android\Android Studio\jbr\bin;C:\Windows\SYSTEM32;C:\Windows\WinSxS\amd64_microsoft.windows.common-controls_6595b64144ccf1df_6.0.19041.4355_none_60b8b9eb71f62e16;C:\Program Files\Android\Android Studio\jbr\bin\server

VM Arguments:
java_command: org.jetbrains.kotlin.cli.jvm.K2JVMCompiler @D:\SumaMexico\Testing\android\demo_autocapture\app\build\20240708_18350986779614324747.compiler.options
java_class_path (initial): C:\Users\User\.gradle\caches\modules-2\files-2.1\org.jetbrains.kotlin\kotlin-compiler-embeddable\1.9.0\2c8c3a7402becca891f12739b3e9fd2dc2adbd7a\kotlin-compiler-embeddable-1.9.0.jar;C:\Users\User\.gradle\caches\modules-2\files-2.1\org.jetbrains.kotlin\kotlin-stdlib\1.9.0\8ee15ef0c67dc83d874f412d84378d7f0eb50b63\kotlin-stdlib-1.9.0.jar;C:\Users\User\.gradle\caches\modules-2\files-2.1\org.jetbrains.kotlin\kotlin-script-runtime\1.9.0\4b3102cbbb7e1b58d9d1adf89563f00069ffa7d1\kotlin-script-runtime-1.9.0.jar;C:\Users\User\.gradle\caches\modules-2\files-2.1\org.jetbrains.kotlin\kotlin-reflect\1.6.10\1cbe9c92c12a94eea200d23c2bbaedaf3daf5132\kotlin-reflect-1.6.10.jar;C:\Users\User\.gradle\caches\modules-2\files-2.1\org.jetbrains.kotlin\kotlin-daemon-embeddable\1.9.0\186543f5e28cf8d9a0290fecc2cf34301c40a65c\kotlin-daemon-embeddable-1.9.0.jar;C:\Users\User\.gradle\caches\modules-2\files-2.1\org.jetbrains.intellij.deps\trove4j\1.0.20200330\3afb14d5f9ceb459d724e907a21145e8ff394f02\trove4j-1.0.20200330.jar;C:\Users\User\.gradle\caches\modules-2\files-2.1\org.jetbrains.kotlin\kotlin-stdlib-common\1.9.0\cd65c21cfd1eec4d44ef09f9f52b6d9f8a720636\kotlin-stdlib-common-1.9.0.jar;C:\Users\User\.gradle\caches\modules-2\files-2.1\org.jetbrains\annotations\13.0\919f0dfe192fb4e063e7dacadee7f8bb9a2672a9\annotations-13.0.jar
Launcher Type: SUN_STANDARD

[Global flags]
     intx CICompilerCount                          = 3                                         {product} {ergonomic}
     uint ConcGCThreads                            = 1                                         {product} {ergonomic}
     uint G1ConcRefinementThreads                  = 4                                         {product} {ergonomic}
   size_t G1HeapRegionSize                         = 1048576                                   {product} {ergonomic}
    uintx GCDrainStackTargetSize                   = 64                                        {product} {ergonomic}
   size_t InitialHeapSize                          = 132120576                                 {product} {ergonomic}
   size_t MarkStackSize                            = 4194304                                   {product} {ergonomic}
   size_t MaxHeapSize                              = 2113929216                                {product} {ergonomic}
   size_t MaxNewSize                               = 1267728384                                {product} {ergonomic}
   size_t MinHeapDeltaBytes                        = 1048576                                   {product} {ergonomic}
   size_t MinHeapSize                              = 8388608                                   {product} {ergonomic}
    uintx NonNMethodCodeHeapSize                   = 5832780                                {pd product} {ergonomic}
    uintx NonProfiledCodeHeapSize                  = 122912730                              {pd product} {ergonomic}
    uintx ProfiledCodeHeapSize                     = 122912730                              {pd product} {ergonomic}
    uintx ReservedCodeCacheSize                    = 251658240                              {pd product} {ergonomic}
     bool SegmentedCodeCache                       = true                                      {product} {ergonomic}
   size_t SoftMaxHeapSize                          = 2113929216                             {manageable} {ergonomic}
     bool UseCompressedClassPointers               = true                           {product lp64_product} {ergonomic}
     bool UseCompressedOops                        = true                           {product lp64_product} {ergonomic}
     bool UseG1GC                                  = true                                      {product} {ergonomic}
     bool UseLargePagesIndividualAllocation        = false                                  {pd product} {ergonomic}

Logging:
Log output configuration:
 #0: stdout all=warning uptime,level,tags
 #1: stderr all=off uptime,level,tags

Environment Variables:
JAVA_HOME=C:\Users\User\AppData\Local\emsdk\java\8.152_64bit
PATH=C:\Program Files (x86)\Microsoft SDKs\Azure\CLI2\wbin;C:\ProgramData\Oracle\Java\javapath;C:\Windows\system32;C:\Windows;C:\Windows\System32\Wbem;C:\Windows\System32\WindowsPowerShell\v1.0\;C:\Windows\System32\OpenSSH\;C:\Program Files (x86)\Git\cmd;C:\Program Files\dotnet\;C:\ProgramData\chocolatey\bin;C:\Users\User\AppData\Roaming\nvm;C:\Program Files\nodejs;C:\Program Files\Microsoft\Azure Functions Core Tools\;C:\Users\User\AppData\Local\Programs\Python\Python39;;D:\Program Files\Gpg4win\..\GnuPG\bin;C:\Users\User\.console-ninja\.bin;C:\Users\User\bin;C:\Program Files (x86)\Git\mingw32\bin;C:\Program Files (x86)\Git\usr\local\bin;C:\Program Files (x86)\Git\usr\bin;C:\Program Files (x86)\Git\usr\bin;C:\Program Files (x86)\Git\mingw32\bin;C:\Program Files (x86)\Git\usr\bin;C:\Users\User\bin;C:\Program Files (x86)\Microsoft SDKs\Azure\CLI2\wbin;C:\ProgramData\Oracle\Java\javapath;C:\Windows\system32;C:\Windows;C:\Windows\System32\Wbem;C:\Windows\System32\WindowsPowerShell\v1.0;C:\Windows\System32\OpenSSH;C:\Program Files (x86)\Git\cmd;C:\Program Files\dotnet;C:\ProgramData\chocolatey\bin;C:\Users\User\AppData\Roaming\nvm;C:\Program Files\nodejs;C:\Program Files\CMake\bin;C:\Program Files\Microsoft\Azure Functions Core Tools;C:\Users\User\AppData\Local\Programs\Python\Python39;C:\Program Files (x86)\Microsoft SDKs\Azure\CLI2\wbin;C:\ProgramData\Oracle\Java\javapath;C:\Windows\system32;C:\Windows;C:\Windows\System32\Wbem;C:\Windows\System32\WindowsPowerShell\v1.0;C:\Windows\System32\OpenSSH;C:\Program Files (x86)\Git\cmd;C:\Program Files\dotnet;C:\ProgramData\chocolatey\bin;C:\Users\User\AppData\Roaming\nvm;C:\Program Files\nodejs;C:\Program Files\CMake\bin;C:\Program Files\Microsoft\Azure Functions Core Tools;C:\Users\User\AppData\Local\Programs\Python\Python39;C:\Users\User\AppData\Local\Programs\Microsoft VS Code\bin;C:\Users\User\AppData\Local\Programs\Python\Python39\Scripts;C:\Program Files (x86)\Git\usr\bin\vendor_perl;C:\Program Files (x86)\Git\usr\bin\core
USERNAME=User
OS=Windows_NT
PROCESSOR_IDENTIFIER=Intel64 Family 6 Model 142 Stepping 9, GenuineIntel
TMP=C:\Users\User\AppData\Local\Temp
TEMP=C:\Users\User\AppData\Local\Temp



Periodic native trim disabled

JNI global refs:
JNI global refs: 9, weak refs: 6

JNI global refs memory usage: 843, weak refs: 841

OOME stack traces (most recent first):
Classloader memory used:
Loader jdk.internal.loader.ClassLoaders$AppClassLoader                                 : 6464K
Loader bootstrap                                                                       : 1317K
Loader jdk.internal.reflect.DelegatingClassLoader                                      : 15945B


---------------  S Y S T E M  ---------------

OS:
 Windows 10 , 64 bit Build 19041 (10.0.19041.4597)
OS uptime: 0 days 13:05 hours
Hyper-V role detected

CPU: total 4 (initial active 4) (2 cores per cpu, 2 threads per core) family 6 model 142 stepping 9 microcode 0xb4, cx8, cmov, fxsr, ht, mmx, 3dnowpref, sse, sse2, sse3, ssse3, sse4.1, sse4.2, popcnt, lzcnt, tsc, tscinvbit, avx, avx2, aes, erms, clmul, bmi1, bmi2, adx, fma, vzeroupper, clflush, clflushopt, hv
Processor Information for all 4 processors :
  Max Mhz: 2701, Current Mhz: 2701, Mhz Limit: 2701

Memory: 4k page, system-wide physical 8058M (194M free)
TotalPageFile size 10106M (AvailPageFile size 63M)
current process WorkingSet (physical memory assigned to process): 264M, peak: 265M
current process commit charge ("private bytes"): 313M, peak: 396M

vm_info: OpenJDK 64-Bit Server VM (17.0.10+0--11609105) for windows-amd64 JRE (17.0.10+0--11609105), built on Mar 21 2024 19:10:56 by "androidbuild" with MS VC++ 16.10 / 16.11 (VS2019)

END.
